<?xml version="1.0" encoding="UTF-8"?>
<!-- Generated by org.testng.reporters.JUnitXMLReporter -->
<testsuite ignored="0" hostname="DESKTOP-PP8NB6E" failures="1" tests="2" name="Test" time="20.201" errors="0" timestamp="2026-01-22T14:58:41 IST">
  <testcase classname="tests.Logintest" name="naukrilogin" time="0.827"/>
  <testcase classname="tests.Logintest" name="profileupdate" time="8.697">
    <failure type="org.openqa.selenium.ElementClickInterceptedException" message="element click intercepted: Element &amp;lt;span class=&amp;quot;edit icon&amp;quot;&amp;gt;...&amp;lt;/span&amp;gt; is not clickable at point (548, 56). Other element would receive the click: &amp;lt;div class=&amp;quot;input-field col s12&amp;quot;&amp;gt;...&amp;lt;/div&amp;gt;
  (Session info: chrome=145.0.7587.5)
Build info: version: &amp;apos;4.32.0&amp;apos;, revision: &amp;apos;d17c8aa950&amp;apos;
System info: os.name: &amp;apos;Windows 10&amp;apos;, os.arch: &amp;apos;amd64&amp;apos;, os.version: &amp;apos;10.0&amp;apos;, java.version: &amp;apos;21.0.6&amp;apos;
Driver info: org.openqa.selenium.chrome.ChromeDriver
Command: [1ab3254738e092f59e0a712278349909, clickElement {id=f.DEA731A864F9A143503C9DDB23BDA602.d.BCBD60F898843837B0CCE6D7920F6071.e.165}]
Capabilities {acceptInsecureCerts: false, browserName: chrome, browserVersion: 145.0.7587.5, chrome: {chromedriverVersion: 145.0.7632.18 (697b997e1127..., userDataDir: C:\Users\Nagaraju\AppData\L...}, fedcm:accounts: true, goog:chromeOptions: {debuggerAddress: localhost:65097}, goog:processID: 3296, networkConnectionEnabled: false, pageLoadStrategy: normal, platformName: windows, proxy: Proxy(), se:cdp: ws://localhost:65097/devtoo..., se:cdpVersion: 145.0.7587.5, setWindowRect: true, strictFileInteractability: false, timeouts: {implicit: 0, pageLoad: 300000, script: 30000}, unhandledPromptBehavior: dismiss and notify, webauthn:extension:credBlob: true, webauthn:extension:largeBlob: true, webauthn:extension:minPinLength: true, webauthn:extension:prf: true, webauthn:virtualAuthenticators: true}
Element: [[ChromeDriver: chrome on windows (1ab3254738e092f59e0a712278349909)] -&amp;gt; xpath: //div[@id=&amp;apos;lazyResumeHead&amp;apos;]//span[2]]
Session ID: 1ab3254738e092f59e0a712278349909">
      <![CDATA[org.openqa.selenium.ElementClickInterceptedException: element click intercepted: Element <span class="edit icon">...</span> is not clickable at point (548, 56). Other element would receive the click: <div class="input-field col s12">...</div>
  (Session info: chrome=145.0.7587.5)
Build info: version: '4.32.0', revision: 'd17c8aa950'
System info: os.name: 'Windows 10', os.arch: 'amd64', os.version: '10.0', java.version: '21.0.6'
Driver info: org.openqa.selenium.chrome.ChromeDriver
Command: [1ab3254738e092f59e0a712278349909, clickElement {id=f.DEA731A864F9A143503C9DDB23BDA602.d.BCBD60F898843837B0CCE6D7920F6071.e.165}]
Capabilities {acceptInsecureCerts: false, browserName: chrome, browserVersion: 145.0.7587.5, chrome: {chromedriverVersion: 145.0.7632.18 (697b997e1127..., userDataDir: C:\Users\Nagaraju\AppData\L...}, fedcm:accounts: true, goog:chromeOptions: {debuggerAddress: localhost:65097}, goog:processID: 3296, networkConnectionEnabled: false, pageLoadStrategy: normal, platformName: windows, proxy: Proxy(), se:cdp: ws://localhost:65097/devtoo..., se:cdpVersion: 145.0.7587.5, setWindowRect: true, strictFileInteractability: false, timeouts: {implicit: 0, pageLoad: 300000, script: 30000}, unhandledPromptBehavior: dismiss and notify, webauthn:extension:credBlob: true, webauthn:extension:largeBlob: true, webauthn:extension:minPinLength: true, webauthn:extension:prf: true, webauthn:virtualAuthenticators: true}
Element: [[ChromeDriver: chrome on windows (1ab3254738e092f59e0a712278349909)] -> xpath: //div[@id='lazyResumeHead']//span[2]]
Session ID: 1ab3254738e092f59e0a712278349909
at org.openqa.selenium.remote.ErrorCodec.decode(ErrorCodec.java:167)
at org.openqa.selenium.remote.codec.w3c.W3CHttpResponseCodec.decode(W3CHttpResponseCodec.java:138)
at org.openqa.selenium.remote.codec.w3c.W3CHttpResponseCodec.decode(W3CHttpResponseCodec.java:50)
at org.openqa.selenium.remote.HttpCommandExecutor.execute(HttpCommandExecutor.java:215)
at org.openqa.selenium.remote.service.DriverCommandExecutor.invokeExecute(DriverCommandExecutor.java:216)
at org.openqa.selenium.remote.service.DriverCommandExecutor.execute(DriverCommandExecutor.java:174)
at org.openqa.selenium.remote.RemoteWebDriver.execute(RemoteWebDriver.java:545)
at org.openqa.selenium.remote.RemoteWebElement.execute(RemoteWebElement.java:223)
at org.openqa.selenium.remote.RemoteWebElement.click(RemoteWebElement.java:76)
at org.openqa.selenium.support.pagefactory.internal.LocatingElementHandler.invoke(LocatingElementHandler.java:51)
at jdk.proxy2/jdk.proxy2.$Proxy12.click(Unknown Source)
at pages.Homepage_profile.rhead_update(Homepage_profile.java:56)
at tests.Logintest.profileupdate(Logintest.java:36)
at java.base/java.util.ArrayList.forEach(ArrayList.java:1596)
... Removed 30 stack frames]]>
    </failure>
  </testcase> <!-- profileupdate -->
</testsuite> <!-- Test -->
