<?xml version="1.0" encoding="UTF-8"?>
<!-- Generated by org.testng.reporters.JUnitXMLReporter -->
<testsuite ignored="0" hostname="DESKTOP-PP8NB6E" failures="0" tests="2" name="EdgeTest" time="78.606" errors="0" timestamp="2026-01-27T18:51:08 IST">
  <testcase classname="tests.Logintest" name="naukrilogin" time="0.0">
    <skipped/>
  </testcase> <!-- naukrilogin -->
  <testcase classname="tests.Logintest" name="profileupdate" time="0.0">
    <skipped/>
  </testcase> <!-- profileupdate -->
</testsuite> <!-- EdgeTest -->
