<?xml version="1.0" encoding="UTF-8"?>
<!-- Generated by org.testng.reporters.JUnitXMLReporter -->
<testsuite ignored="0" hostname="DESKTOP-PP8NB6E" failures="0" tests="2" name="EdgeTest" time="25.187" errors="0" timestamp="2026-02-05T13:09:05 IST">
  <testcase classname="tests.Logintest" name="naukrilogin" time="0.0">
    <skipped/>
  </testcase> <!-- naukrilogin -->
  <testcase classname="tests.Logintest" name="profileupdate" time="0.0">
    <skipped/>
  </testcase> <!-- profileupdate -->
</testsuite> <!-- EdgeTest -->
