<?xml version="1.0" encoding="UTF-8"?>
<testng-results ignored="0" total="2" passed="2" failed="0" skipped="0">
  <reporter-output>
  </reporter-output>
  <suite started-at="2025-05-29T12:28:55 IST" name="Default suite" finished-at="2025-05-29T12:31:19 IST" duration-ms="143938">
    <groups>
    </groups>
    <test started-at="2025-05-29T12:28:55 IST" name="Default test" finished-at="2025-05-29T12:31:19 IST" duration-ms="143938">
      <class name="tests.Logintest">
        <test-method is-config="true" signature="setup()[pri:0, instance:tests.Logintest@73a1e9a9]" started-at="2025-05-29T12:28:56 IST" name="setup" finished-at="2025-05-29T12:31:04 IST" duration-ms="128243" status="PASS">
          <reporter-output>
          </reporter-output>
        </test-method> <!-- setup -->
        <test-method signature="naukrilogin()[pri:0, instance:tests.Logintest@73a1e9a9]" started-at="2025-05-29T12:31:04 IST" name="naukrilogin" finished-at="2025-05-29T12:31:06 IST" duration-ms="1790" status="PASS">
          <reporter-output>
          </reporter-output>
        </test-method> <!-- naukrilogin -->
        <test-method signature="profileupdate()[pri:2, instance:tests.Logintest@73a1e9a9]" started-at="2025-05-29T12:31:06 IST" name="profileupdate" finished-at="2025-05-29T12:31:15 IST" duration-ms="8717" status="PASS">
          <reporter-output>
          </reporter-output>
        </test-method> <!-- profileupdate -->
        <test-method is-config="true" signature="teardown()[pri:0, instance:tests.Logintest@73a1e9a9]" started-at="2025-05-29T12:31:15 IST" name="teardown" finished-at="2025-05-29T12:31:19 IST" duration-ms="4842" status="PASS">
          <reporter-output>
          </reporter-output>
        </test-method> <!-- teardown -->
      </class> <!-- tests.Logintest -->
    </test> <!-- Default test -->
  </suite> <!-- Default suite -->
</testng-results>
