<?xml version="1.0" encoding="UTF-8"?>
<testng-results ignored="0" total="2" passed="2" failed="0" skipped="0">
  <reporter-output>
  </reporter-output>
  <suite started-at="2025-07-08T16:02:19 IST" name="Default suite" finished-at="2025-07-08T16:03:02 IST" duration-ms="42357">
    <groups>
    </groups>
    <test started-at="2025-07-08T16:02:19 IST" name="Default test" finished-at="2025-07-08T16:03:02 IST" duration-ms="42357">
      <class name="tests.Logintest">
        <test-method is-config="true" signature="setup()[pri:0, instance:tests.Logintest@3e694b3f]" started-at="2025-07-08T16:02:19 IST" name="setup" finished-at="2025-07-08T16:02:44 IST" duration-ms="24300" status="PASS">
          <reporter-output>
          </reporter-output>
        </test-method> <!-- setup -->
        <test-method signature="naukrilogin()[pri:1, instance:tests.Logintest@3e694b3f]" started-at="2025-07-08T16:02:44 IST" name="naukrilogin" finished-at="2025-07-08T16:02:48 IST" duration-ms="3501" status="PASS">
          <reporter-output>
          </reporter-output>
        </test-method> <!-- naukrilogin -->
        <test-method signature="profileupdate()[pri:2, instance:tests.Logintest@3e694b3f]" started-at="2025-07-08T16:02:48 IST" name="profileupdate" finished-at="2025-07-08T16:02:59 IST" duration-ms="10948" status="PASS">
          <reporter-output>
          </reporter-output>
        </test-method> <!-- profileupdate -->
        <test-method is-config="true" signature="teardown()[pri:0, instance:tests.Logintest@3e694b3f]" started-at="2025-07-08T16:02:59 IST" name="teardown" finished-at="2025-07-08T16:03:02 IST" duration-ms="3175" status="PASS">
          <reporter-output>
          </reporter-output>
        </test-method> <!-- teardown -->
      </class> <!-- tests.Logintest -->
    </test> <!-- Default test -->
  </suite> <!-- Default suite -->
</testng-results>
