<?xml version="1.0" encoding="UTF-8"?>
<testng-results ignored="0" total="4" passed="4" failed="0" skipped="0">
  <reporter-output>
  </reporter-output>
  <suite started-at="2026-02-05T18:18:58 IST" name="ParallelSuite" finished-at="2026-02-05T18:19:57 IST" duration-ms="58701">
    <groups>
    </groups>
    <test started-at="2026-02-05T18:18:58 IST" name="FirefoxTest" finished-at="2026-02-05T18:19:52 IST" duration-ms="54275">
      <class name="tests.Logintest">
        <test-method is-config="true" signature="setup(java.lang.String)[pri:0, instance:tests.Logintest@68e5eea7]" started-at="2026-02-05T18:18:58 IST" name="setup" finished-at="2026-02-05T18:19:18 IST" duration-ms="20147" status="PASS">
          <params>
            <param index="0">
              <value>
                <![CDATA[firefox]]>
              </value>
            </param>
          </params>
          <reporter-output>
          </reporter-output>
        </test-method> <!-- setup -->
        <test-method signature="naukrilogin()[pri:1, instance:tests.Logintest@68e5eea7]" started-at="2026-02-05T18:19:18 IST" name="naukrilogin" finished-at="2026-02-05T18:19:34 IST" duration-ms="15751" status="PASS">
          <reporter-output>
          </reporter-output>
        </test-method> <!-- naukrilogin -->
        <test-method signature="profileupdate()[pri:2, instance:tests.Logintest@68e5eea7]" started-at="2026-02-05T18:19:34 IST" name="profileupdate" finished-at="2026-02-05T18:19:46 IST" duration-ms="11785" status="PASS">
          <reporter-output>
          </reporter-output>
        </test-method> <!-- profileupdate -->
        <test-method is-config="true" signature="teardown()[pri:0, instance:tests.Logintest@68e5eea7]" started-at="2026-02-05T18:19:46 IST" name="teardown" finished-at="2026-02-05T18:19:52 IST" duration-ms="6522" status="PASS">
          <reporter-output>
          </reporter-output>
        </test-method> <!-- teardown -->
      </class> <!-- tests.Logintest -->
    </test> <!-- FirefoxTest -->
    <test started-at="2026-02-05T18:18:58 IST" name="ChromeTest" finished-at="2026-02-05T18:19:57 IST" duration-ms="58701">
      <class name="tests.Logintest">
        <test-method is-config="true" signature="setup(java.lang.String)[pri:0, instance:tests.Logintest@38afe297]" started-at="2026-02-05T18:18:58 IST" name="setup" finished-at="2026-02-05T18:19:28 IST" duration-ms="29822" status="PASS">
          <params>
            <param index="0">
              <value>
                <![CDATA[chrome]]>
              </value>
            </param>
          </params>
          <reporter-output>
          </reporter-output>
        </test-method> <!-- setup -->
        <test-method signature="naukrilogin()[pri:1, instance:tests.Logintest@38afe297]" started-at="2026-02-05T18:19:28 IST" name="naukrilogin" finished-at="2026-02-05T18:19:29 IST" duration-ms="1308" status="PASS">
          <reporter-output>
          </reporter-output>
        </test-method> <!-- naukrilogin -->
        <test-method signature="profileupdate()[pri:2, instance:tests.Logintest@38afe297]" started-at="2026-02-05T18:19:29 IST" name="profileupdate" finished-at="2026-02-05T18:19:55 IST" duration-ms="25554" status="PASS">
          <reporter-output>
          </reporter-output>
        </test-method> <!-- profileupdate -->
        <test-method is-config="true" signature="teardown()[pri:0, instance:tests.Logintest@38afe297]" started-at="2026-02-05T18:19:55 IST" name="teardown" finished-at="2026-02-05T18:19:57 IST" duration-ms="1963" status="PASS">
          <reporter-output>
          </reporter-output>
        </test-method> <!-- teardown -->
      </class> <!-- tests.Logintest -->
    </test> <!-- ChromeTest -->
  </suite> <!-- ParallelSuite -->
</testng-results>
