<?xml version="1.0" encoding="UTF-8"?>
<testng-results ignored="0" total="2" passed="2" failed="0" skipped="0">
  <reporter-output>
  </reporter-output>
  <suite started-at="2025-12-27T11:22:00 IST" name="Suite" finished-at="2025-12-27T11:22:52 IST" duration-ms="51339">
    <groups>
    </groups>
    <test started-at="2025-12-27T11:22:00 IST" name="Test" finished-at="2025-12-27T11:22:52 IST" duration-ms="51339">
      <class name="tests.Logintest">
        <test-method is-config="true" signature="setup()[pri:0, instance:tests.Logintest@24313fcc]" started-at="2025-12-27T11:22:00 IST" name="setup" finished-at="2025-12-27T11:22:16 IST" duration-ms="15556" status="PASS">
          <reporter-output>
          </reporter-output>
        </test-method> <!-- setup -->
        <test-method signature="naukrilogin()[pri:1, instance:tests.Logintest@24313fcc]" started-at="2025-12-27T11:22:16 IST" name="naukrilogin" finished-at="2025-12-27T11:22:17 IST" duration-ms="930" status="PASS">
          <reporter-output>
          </reporter-output>
        </test-method> <!-- naukrilogin -->
        <test-method signature="profileupdate()[pri:2, instance:tests.Logintest@24313fcc]" started-at="2025-12-27T11:22:17 IST" name="profileupdate" finished-at="2025-12-27T11:22:49 IST" duration-ms="32490" status="PASS">
          <reporter-output>
          </reporter-output>
        </test-method> <!-- profileupdate -->
        <test-method is-config="true" signature="teardown()[pri:0, instance:tests.Logintest@24313fcc]" started-at="2025-12-27T11:22:49 IST" name="teardown" finished-at="2025-12-27T11:22:52 IST" duration-ms="2292" status="PASS">
          <reporter-output>
          </reporter-output>
        </test-method> <!-- teardown -->
      </class> <!-- tests.Logintest -->
    </test> <!-- Test -->
  </suite> <!-- Suite -->
</testng-results>
