<?xml version="1.0" encoding="UTF-8"?>
<testng-results ignored="0" total="3" passed="3" failed="0" skipped="0">
  <reporter-output>
  </reporter-output>
  <suite started-at="2025-07-07T14:02:11 IST" name="Default suite" finished-at="2025-07-07T14:04:28 IST" duration-ms="136169">
    <groups>
    </groups>
    <test started-at="2025-07-07T14:02:11 IST" name="Default test" finished-at="2025-07-07T14:04:28 IST" duration-ms="136169">
      <class name="tests.Logintest">
        <test-method is-config="true" signature="setup()[pri:0, instance:tests.Logintest@4802796d]" started-at="2025-07-07T14:02:11 IST" name="setup" finished-at="2025-07-07T14:03:50 IST" duration-ms="98820" status="PASS">
          <reporter-output>
          </reporter-output>
        </test-method> <!-- setup -->
        <test-method signature="naukrilogin()[pri:1, instance:tests.Logintest@4802796d]" started-at="2025-07-07T14:03:50 IST" name="naukrilogin" finished-at="2025-07-07T14:03:57 IST" duration-ms="6958" status="PASS">
          <reporter-output>
          </reporter-output>
        </test-method> <!-- naukrilogin -->
        <test-method signature="profileupdate()[pri:2, instance:tests.Logintest@4802796d]" started-at="2025-07-07T14:03:57 IST" name="profileupdate" finished-at="2025-07-07T14:04:12 IST" duration-ms="14635" status="PASS">
          <reporter-output>
          </reporter-output>
        </test-method> <!-- profileupdate -->
        <test-method signature="Rsume_upload()[pri:0, instance:tests.Logintest@4802796d]" started-at="2025-07-07T14:04:12 IST" name="Rsume_upload" finished-at="2025-07-07T14:04:14 IST" depends-on-methods="tests.Logintest.profileupdate" duration-ms="1772" status="PASS">
          <reporter-output>
          </reporter-output>
        </test-method> <!-- Rsume_upload -->
        <test-method is-config="true" signature="teardown()[pri:0, instance:tests.Logintest@4802796d]" started-at="2025-07-07T14:04:14 IST" name="teardown" finished-at="2025-07-07T14:04:28 IST" duration-ms="13697" status="PASS">
          <reporter-output>
          </reporter-output>
        </test-method> <!-- teardown -->
      </class> <!-- tests.Logintest -->
    </test> <!-- Default test -->
  </suite> <!-- Default suite -->
</testng-results>
