<?xml version="1.0" encoding="UTF-8"?>
<testng-results ignored="0" total="2" passed="2" failed="0" skipped="0">
  <reporter-output>
  </reporter-output>
  <suite started-at="2025-07-10T14:31:52 IST" name="Suite" finished-at="2025-07-10T14:34:02 IST" duration-ms="130782">
    <groups>
    </groups>
    <test started-at="2025-07-10T14:31:52 IST" name="Test" finished-at="2025-07-10T14:34:02 IST" duration-ms="130782">
      <class name="tests.Logintest">
        <test-method is-config="true" signature="setup()[pri:0, instance:tests.Logintest@3e694b3f]" started-at="2025-07-10T14:31:52 IST" name="setup" finished-at="2025-07-10T14:33:46 IST" duration-ms="113906" status="PASS">
          <reporter-output>
          </reporter-output>
        </test-method> <!-- setup -->
        <test-method signature="naukrilogin()[pri:1, instance:tests.Logintest@3e694b3f]" started-at="2025-07-10T14:33:46 IST" name="naukrilogin" finished-at="2025-07-10T14:33:47 IST" duration-ms="1668" status="PASS">
          <reporter-output>
          </reporter-output>
        </test-method> <!-- naukrilogin -->
        <test-method signature="profileupdate()[pri:2, instance:tests.Logintest@3e694b3f]" started-at="2025-07-10T14:33:47 IST" name="profileupdate" finished-at="2025-07-10T14:33:59 IST" duration-ms="11267" status="PASS">
          <reporter-output>
          </reporter-output>
        </test-method> <!-- profileupdate -->
        <test-method is-config="true" signature="teardown()[pri:0, instance:tests.Logintest@3e694b3f]" started-at="2025-07-10T14:33:59 IST" name="teardown" finished-at="2025-07-10T14:34:02 IST" duration-ms="3757" status="PASS">
          <reporter-output>
          </reporter-output>
        </test-method> <!-- teardown -->
      </class> <!-- tests.Logintest -->
    </test> <!-- Test -->
  </suite> <!-- Suite -->
</testng-results>
