<?xml version="1.0" encoding="UTF-8"?>
<testng-results ignored="0" total="2" passed="2" failed="0" skipped="0">
  <reporter-output>
  </reporter-output>
  <suite started-at="2025-05-23T18:55:55 IST" name="Default suite" finished-at="2025-05-23T18:56:30 IST" duration-ms="34782">
    <groups>
    </groups>
    <test started-at="2025-05-23T18:55:55 IST" name="Default test" finished-at="2025-05-23T18:56:30 IST" duration-ms="34782">
      <class name="tests.Logintest">
        <test-method is-config="true" signature="setup()[pri:0, instance:tests.Logintest@73a1e9a9]" started-at="2025-05-23T18:55:55 IST" name="setup" finished-at="2025-05-23T18:56:18 IST" duration-ms="23354" status="PASS">
          <reporter-output>
          </reporter-output>
        </test-method> <!-- setup -->
        <test-method signature="naukrilogin()[pri:0, instance:tests.Logintest@73a1e9a9]" started-at="2025-05-23T18:56:18 IST" name="naukrilogin" finished-at="2025-05-23T18:56:20 IST" duration-ms="1954" status="PASS">
          <reporter-output>
          </reporter-output>
        </test-method> <!-- naukrilogin -->
        <test-method signature="profileupdate()[pri:2, instance:tests.Logintest@73a1e9a9]" started-at="2025-05-23T18:56:20 IST" name="profileupdate" finished-at="2025-05-23T18:56:26 IST" duration-ms="5302" status="PASS">
          <reporter-output>
          </reporter-output>
        </test-method> <!-- profileupdate -->
        <test-method is-config="true" signature="teardown()[pri:0, instance:tests.Logintest@73a1e9a9]" started-at="2025-05-23T18:56:26 IST" name="teardown" finished-at="2025-05-23T18:56:30 IST" duration-ms="3952" status="PASS">
          <reporter-output>
          </reporter-output>
        </test-method> <!-- teardown -->
      </class> <!-- tests.Logintest -->
    </test> <!-- Default test -->
  </suite> <!-- Default suite -->
</testng-results>
