<?xml version="1.0" encoding="UTF-8"?>
<!-- Generated by org.testng.reporters.JUnitReportReporter -->
<testsuite hostname="DESKTOP-PP8NB6E" failures="0" tests="4" name="tests.Logintest" time="54.398" errors="0" timestamp="2026-02-05T18:19:57 IST" skipped="0">
  <testcase classname="tests.Logintest" name="naukrilogin" time="1.308"/>
  <testcase classname="tests.Logintest" name="naukrilogin" time="15.751"/>
  <testcase classname="tests.Logintest" name="profileupdate" time="11.785"/>
  <testcase classname="tests.Logintest" name="profileupdate" time="25.554"/>
</testsuite> <!-- tests.Logintest -->
